Ansys Lumerical 2020 R2 FDTD Solver Version 8.24.2387 (Windows 64bit)
 expires (month/day/year): 12/31/2035
using config file: Ansys Licensing set with ANSYSLMD_LICENSE_FILE
license host: 
current time: Mon Aug 22 10:03:31 2022
Running on host: DESKTOP-KMMRCLT
host available memory (GB): 1.455841
All processes are communicating and ready to proceed to simulation...
Running fsp file: C:\Program Files\Lumerical\v202\bin\fdtd-engine-msmpi.exe -t 1 -remote C:/Users/baymax/Desktop/spe-opt/spe-run/best.fsp
Starting meshing
Simulation size in gridpoints: 1 x 77 x 28
Refined 0 mesh cells (0%)
Completed meshing!
Meshing complete in 0 seconds of CPU time
Starting meshing
Simulation size in gridpoints: 1 x 77 x 28
Refined 0 mesh cells (0%)
Completed meshing!
Meshing complete in 0 seconds of CPU time
Starting meshing
Simulation size in gridpoints: 1 x 77 x 28
Refined 0 mesh cells (0%)
Completed meshing!
Meshing complete in 0 seconds of CPU time
number of processors is 4
processors are distributed as: 2x2x1
Running 3D Simulation
Starting meshing
Simulation size in gridpoints: 77 x 67 x 46
Refined 0 mesh cells (0%)
Completed meshing!
Meshing complete in 0.828125 seconds of CPU time
0 0
Starting meshing
Simulation size in gridpoints: 77 x 67 x 46
Refined 0 mesh cells (0%)
Completed meshing!
Meshing complete in 1.07812 seconds of CPU time
0 0
Starting meshing
Simulation size in gridpoints: 77 x 67 x 46
Refined 0 mesh cells (0%)
Completed meshing!
Meshing complete in 0.890625 seconds of CPU time
0 0
finished material properties
Meshing Time: 1.91809 seconds, Init Electrical Material Time: 0.277359 seconds, Init Magnetic Material Time: 0.00124
Using selected optimization level: 2
Selecting 3d kernel for splitFieldDirection=0 and optLevel=2
-----------------------------------------
Beginning initialization of 3D Simulation
Starting to add sources to simulation
Adding 3D Mode source propagating in X
Starting to add boundary conditions to simulation
Adding 3D PML BC
Adding 3D Parallel BC
Adding 3D PML BC
Adding 3D Parallel BC
Adding 3D PML BC
Adding 3D PML BC
Starting to add monitors to Simulation
Adding analysis monitor
Adding 3D DFT monitor
Adding 3D DFT monitor
Finished initialization of 3D Simulation
-----------------------------------------
All processes are communicating and ready to proceed to simulation...
Starting 26225 total iterations
0.183031% complete. Max time remaining: 4 mins, 57 secs. Auto Shutoff: 1
1.40324% complete. Max time remaining: 5 mins, 4 secs. Auto Shutoff: 1
2.62345% complete. Max time remaining: 6 mins, 29 secs. Auto Shutoff: 1
4.0877% complete. Max time remaining: 6 mins, 18 secs. Auto Shutoff: 0.0213927
5.55195% complete. Max time remaining: 6 mins, 7 secs. Auto Shutoff: 0.000739045
6.77215% complete. Max time remaining: 6 mins, 2 secs. Auto Shutoff: 3.697e-05
100% complete. Max time remaining: 0 mins, 0 secs. Auto Shutoff: 7.48826e-06
Early termination of simulation, the autoshutoff criteria are satisfied.
Completed 1878 iterations, or 7.161095e-14s of Simulation Time
Process 0 starting to collect data
    collecting monitor data
    collecting source data
Finished collecting data
Simulation completed successfully at: Mon Aug 22 10:04:03 2022
Overall wall time measurements in seconds: 33.0296
    time to mesh and initialize: 3.60605
    time to run FDTD simulation: 27.7512
    time to checkpoint simulation: 3e-07
    time to finalize data and save to files: 0.0871858
    miscellaneous time: 1.58506
    FDTD solver speed on process 0: 16.0597 Mnodes/s
    total FDTD solver speed on 4 processes: 64.2387 Mnodes/s
